<?xml version="1.0" encoding="UTF-8"?>
<!-- Generated by org.testng.reporters.JUnitXMLReporter -->
<testsuite hostname="IN-9DLRXM3" failures="4" tests="4" name="Test" time="0.516" errors="0" timestamp="30 Apr 2023 13:46:36 GMT">
  <testcase classname="tests.Home" name="homepage_element_validation" time="0.009">
    <failure type="java.lang.NullPointerException" message="Cannot invoke &amp;quot;com.aventstack.extentreports.ExtentReports.createTest(String)&amp;quot; because &amp;quot;tests.Home.reports&amp;quot; is null">
      <![CDATA[java.lang.NullPointerException: Cannot invoke "com.aventstack.extentreports.ExtentReports.createTest(String)" because "tests.Home.reports" is null
	at tests.Home.homepage_element_validation(Home.java:20)
... Removed 24 stack frames]]>
    </failure>
  </testcase> <!-- homepage_element_validation -->
  <testcase classname="tests.SignIn" name="sign_up" time="0.001">
    <failure type="java.lang.NullPointerException" message="Cannot invoke &amp;quot;com.aventstack.extentreports.ExtentReports.createTest(String)&amp;quot; because &amp;quot;tests.SignIn.reports&amp;quot; is null">
      <![CDATA[java.lang.NullPointerException: Cannot invoke "com.aventstack.extentreports.ExtentReports.createTest(String)" because "tests.SignIn.reports" is null
	at tests.SignIn.sign_up(SignIn.java:36)
... Removed 24 stack frames]]>
    </failure>
  </testcase> <!-- sign_up -->
  <testcase classname="tests.Shopping" name="add_yoga_product" time="0.001">
    <failure type="java.lang.NullPointerException" message="Cannot invoke &amp;quot;com.aventstack.extentreports.ExtentReports.createTest(String)&amp;quot; because &amp;quot;tests.Shopping.reports&amp;quot; is null">
      <![CDATA[java.lang.NullPointerException: Cannot invoke "com.aventstack.extentreports.ExtentReports.createTest(String)" because "tests.Shopping.reports" is null
	at tests.Shopping.add_yoga_product(Shopping.java:33)
... Removed 24 stack frames]]>
    </failure>
  </testcase> <!-- add_yoga_product -->
  <testcase classname="tests.PlaceOrder" name="place_an_order" time="0.001">
    <failure type="java.lang.NullPointerException" message="Cannot invoke &amp;quot;com.aventstack.extentreports.ExtentReports.createTest(String)&amp;quot; because &amp;quot;tests.PlaceOrder.reports&amp;quot; is null">
      <![CDATA[java.lang.NullPointerException: Cannot invoke "com.aventstack.extentreports.ExtentReports.createTest(String)" because "tests.PlaceOrder.reports" is null
	at tests.PlaceOrder.place_an_order(PlaceOrder.java:38)
... Removed 24 stack frames]]>
    </failure>
  </testcase> <!-- place_an_order -->
</testsuite> <!-- Test -->
